VirtualBox XPCOM Server 5.2.16 r123745 linux.amd64 (Jul 17 2018 20:13:53) release log
00:00:00.000167 main     Log opened 2018-08-04T01:43:02.304688000Z
00:00:00.000168 main     Build Type: release
00:00:00.000169 main     OS Product: Linux
00:00:00.000170 main     OS Release: 4.17.11-arch1
00:00:00.000171 main     OS Version: #1 SMP PREEMPT Sun Jul 29 10:11:16 UTC 2018
00:00:00.000187 main     DMI Product Name: XPS 13 9350
00:00:00.000196 main     DMI Product Version: 
00:00:00.000227 main     Host RAM: 7826MB (7.6GB) total, 7494MB (7.3GB) available
00:00:00.000230 main     Executable: /usr/lib/virtualbox/VBoxSVC
00:00:00.000230 main     Process ID: 11734
00:00:00.000231 main     Package type: LINUX_64BITS_GENERIC (OSE)
00:00:00.007344 main     IPC socket path: /tmp/.vbox-hunter-ipc/ipcd
00:00:00.109696 nspr-2   VirtualBox: object creation starts
00:00:00.109933 nspr-2   Home directory: '/home/hunter/.config/VirtualBox'
00:00:00.133932 nspr-2   NetIfAdpCtlOut: VBoxNetAdpCtl: Error while retrieving link status for wlp58s0: VBoxNetAdpCtl: ioctl failed: Operation not supported
00:00:00.137191 nspr-2   NAT: resolv.conf: nameserver 192.168.1.1
00:00:00.137272 nspr-2   HostDnsMonitor: old information
00:00:00.137291 nspr-2     no server entries
00:00:00.137306 nspr-2     no domain set
00:00:00.137320 nspr-2     no search string entries
00:00:00.137335 nspr-2   HostDnsMonitor: new information
00:00:00.137348 nspr-2     server 1: 192.168.1.1
00:00:00.137365 nspr-2     no domain set
00:00:00.137377 nspr-2     no search string entries
00:00:00.137396 nspr-2   HostDnsMonitorProxy::notify
00:00:00.144816 nspr-2   Failed to open "/dev/vboxdrvu", errno=2, rc=VERR_VM_DRIVER_NOT_INSTALLED
00:00:00.145571 nspr-2   VD: VDInit finished with VINF_SUCCESS
00:00:00.145899 nspr-2   ERROR [COM]: aRC=NS_ERROR_FAILURE (0x80004005) aIID={0eb668d2-495e-5a36-8890-29999b5f030c} aComponent={SystemPropertiesWrap} aText={Cannot determine default Guest Additions ISO location. Most likely they are not available}, preserve=false aResultDetail=0
00:00:00.147510 nspr-2   VirtualBox: object created
00:00:05.987312 main     VirtualBox: object deletion starts
00:00:06.149090 Watcher  ERROR [COM]: aRC=E_ACCESSDENIED (0x80070005) aIID={9570b9d5-f1a1-448a-10c5-e12f5285adad} aComponent={VirtualBoxWrap} aText={The object is not ready}, preserve=false aResultDetail=0
00:00:10.988286 main     {00007f96340161a0} HostPowerServiceLinux::~HostPowerServiceLinux: RTThreadWait() for 5000 ms failed with VERR_TIMEOUT
00:00:10.988954 main     VirtualBox: object deleted
